<?xml version="1.0" encoding="UTF-8"?>
<!-- Generated by org.testng.reporters.JUnitXMLReporter -->
<testsuite hostname="LM-AUN-11022030" ignored="0" name="Surefire test" tests="2" failures="1" timestamp="29 Oct 2020 21:21:42 GMT" time="6.736" errors="0">
  <testcase name="navigate_to_home_page" time="2.381" classname="Testsuite.BaseTests"/>
  <testcase name="enter_userDetails" time="0.0" classname="Testsuite.BaseTests">
    <failure type="org.testng.TestNGException" message="
Parameter &amp;apos;name&amp;apos; is required by @Test on method enter_userDetails but has not been marked @Optional or defined
">
      <![CDATA[org.testng.TestNGException: 
Parameter 'name' is required by @Test on method enter_userDetails but has not been marked @Optional or defined

... Removed 28 stack frames]]>
    </failure>
  </testcase> <!-- enter_userDetails -->
</testsuite> <!-- Surefire test -->
