<?xml version="1.0" encoding="UTF-8"?>
<testsuite xmlns:xsi="http://www.w3.org/2001/XMLSchema-instance" xsi:noNamespaceSchemaLocation="https://maven.apache.org/surefire/maven-surefire-plugin/xsd/surefire-test-report-3.0.xsd" version="3.0" name="TestSuite" time="64.396" tests="8" errors="0" skipped="2" failures="4">
  <properties>
[...]
</properties>
  <testcase name="navigate_to_home_page" classname="Testsuite.BaseTests" time="3.766">
    <system-out><![CDATA[[INFO ] 2020-11-03 08:49:50.664 [main] Setup - Test completed
[INFO ] 2020-11-03 08:49:50.666 [main] Setup - Test completed
[INFO ] 2020-11-03 08:49:50.685 [main] Setup - Test completed
[INFO ] 2020-11-03 08:49:50.685 [main] Setup - Test completed
[TRACE] 2020-11-03 08:49:50.699 [main] Setup - Tracing
[INFO ] 2020-11-03 08:49:50.699 [main] Setup - Chrome Driver Setup
[DEBUG] 2020-11-03 08:49:50.699 [main] Setup - some
[INFO ] 2020-11-03 08:49:52.900 [main] Setup - Test completed
[INFO ] 2020-11-03 08:49:52.902 [main] Setup - Test completed
Most Reliable App & Cross Browser Testing Platform | BrowserStack
]]></system-out>
    <system-err><![CDATA[Starting ChromeDriver 86.0.4240.22 (398b0743353ff36fb1b82468f63a3a93b4e2e89e-refs/branch-heads/4240@{#378}) on port 6523
Only local connections are allowed.
Please see https://chromedriver.chromium.org/security-considerations for suggestions on keepin[1604422190.805g][ WCAhRNrIoNmGe]D:r iFvreorm Ssoacfek.A
ddr failed on netmask
ChromeDriver was started successfully.
Nov 03, 2020 8:49:52 AM org.openqa.selenium.remote.ProtocolHandshake createSession
INFO: Detected dialect: W3C
]]></system-err>
  </testcase>
  <testcase name="navigate_to_home_page" classname="Testsuite.BaseTests" time="2.485">
    <system-out><![CDATA[[INFO ] 2020-11-03 08:50:20.848 [main] Setup - TearDown
[TRACE] 2020-11-03 08:50:20.955 [main] Setup - Tracing
[INFO ] 2020-11-03 08:50:20.955 [main] Setup - Chrome Driver Setup
[DEBUG] 2020-11-03 08:50:20.955 [main] Setup - some
[INFO ] 2020-11-03 08:50:23.570 [main] Setup - Test completed
[INFO ] 2020-11-03 08:50:23.571 [main] Setup - Test completed
Most Reliable App & Cross Browser Testing Platform | BrowserStack
]]></system-out>
    <system-err><![CDATA[1604422220978	geckodriver	INFO	Listening on 127.0.0.1:1656
1604422220989	mozrunner::runner	INFO	Running command: "/Applications/Firefox.app/Contents/MacOS/firefox-bin" "--marionette" "-foreground" "-no-remote" "-profile" "/var/folders/7d/lvbycdhd0kzcjgw3h8d621jm39d8_c/T/rust_mozprofileavomMI"
console.error: Policies.jsm: 
  Invalid ExtensionSettings
console.error: SearchCache: "_readCacheFile: Error reading cache file:" (new Error("", "(unknown module)"))
1604422223525	Marionette	INFO	Listening on port 52331
1604422223538	Marionette	WARN	TLS certificate errors will be ignored for this session
Nov 03, 2020 8:50:23 AM org.openqa.selenium.remote.ProtocolHandshake createSession
INFO: Detected dialect: W3C
]]></system-err>
  </testcase>
  <testcase name="enter_userDetails" classname="Testsuite.BaseTests" time="0">
    <skipped message="&#10;DataProvider should be static: public java.lang.Object[][] DataProvider.DataProviderMethod.dataProviderMethod()"/>
    <system-out><![CDATA[[INFO ] 2020-11-03 08:49:57.363 [main] Setup - TearDown
]]></system-out>
  </testcase>
  <testcase name="enter_userDetails" classname="Testsuite.BaseTests" time="0">
    <skipped message="&#10;DataProvider should be static: public java.lang.Object[][] DataProvider.DataProviderMethod.dataProviderMethod()"/>
    <system-out><![CDATA[[INFO ] 2020-11-03 08:50:27.132 [main] Setup - TearDown
]]></system-out>
    <system-err><![CDATA[1604422227134	Marionette	INFO	Stopped listening on port 52331
JavaScript error: https://www.googletagmanager.com/gtm.js?id=GTM-532NWN9&gtm_auth=zcwIsZMM_nrPXjjDKv12_Q&gtm_preview=env-32&gtm_cookies_win=x, line 3687: NS_ERROR_NOT_INITIALIZED: 
]]></system-err>
  </testcase>
  <testcase name="comparing_screenshots" classname="Testsuite.BaseTests" time="10.045">
    <failure message="no such element: Unable to locate element: {&quot;method&quot;:&quot;xpath&quot;,&quot;selector&quot;:&quot;//*[@id=&apos;user_full_name&apos;]&quot;}&#10;  (Session info: chrome=86.0.4240.111)&#10;For documentation on this error, please visit: https://www.seleniumhq.org/exceptions/no_such_element.html&#10;Build info: version: &apos;3.141.59&apos;, revision: &apos;e82be7d358&apos;, time: &apos;2018-11-14T08:17:03&apos;&#10;System info: host: &apos;LM-AUN-11022030&apos;, ip: &apos;192.168.0.163&apos;, os.name: &apos;Mac OS X&apos;, os.arch: &apos;x86_64&apos;, os.version: &apos;10.15.4&apos;, java.version: &apos;1.8.0_251&apos;&#10;Driver info: org.openqa.selenium.chrome.ChromeDriver&#10;Capabilities {acceptInsecureCerts: false, browserName: chrome, browserVersion: 86.0.4240.111, chrome: {chromedriverVersion: 86.0.4240.22 (398b0743353ff..., userDataDir: /var/folders/7d/lvbycdhd0kz...}, goog:chromeOptions: {debuggerAddress: localhost:52188}, javascriptEnabled: true, networkConnectionEnabled: false, pageLoadStrategy: normal, platform: MAC, platformName: MAC, proxy: Proxy(), setWindowRect: true, strictFileInteractability: false, timeouts: {implicit: 0, pageLoad: 300000, script: 30000}, unhandledPromptBehavior: dismiss and notify, webauthn:virtualAuthenticators: true}&#10;Session ID: 3a6ee6c58adee7b484c56f9ceda49332&#10;*** Element info: {Using=xpath, value=//*[@id=&apos;user_full_name&apos;]}" type="org.openqa.selenium.NoSuchElementException"><![CDATA[org.openqa.selenium.NoSuchElementException: 
no such element: Unable to locate element: {"method":"xpath","selector":"//*[@id='user_full_name']"}
  (Session info: chrome=86.0.4240.111)
For documentation on this error, please visit: https://www.seleniumhq.org/exceptions/no_such_element.html
Build info: version: '3.141.59', revision: 'e82be7d358', time: '2018-11-14T08:17:03'
System info: host: 'LM-AUN-11022030', ip: '192.168.0.163', os.name: 'Mac OS X', os.arch: 'x86_64', os.version: '10.15.4', java.version: '1.8.0_251'
Driver info: org.openqa.selenium.chrome.ChromeDriver
Capabilities {acceptInsecureCerts: false, browserName: chrome, browserVersion: 86.0.4240.111, chrome: {chromedriverVersion: 86.0.4240.22 (398b0743353ff..., userDataDir: /var/folders/7d/lvbycdhd0kz...}, goog:chromeOptions: {debuggerAddress: localhost:52188}, javascriptEnabled: true, networkConnectionEnabled: false, pageLoadStrategy: normal, platform: MAC, platformName: MAC, proxy: Proxy(), setWindowRect: true, strictFileInteractability: false, timeouts: {implicit: 0, pageLoad: 300000, script: 30000}, unhandledPromptBehavior: dismiss and notify, webauthn:virtualAuthenticators: true}
Session ID: 3a6ee6c58adee7b484c56f9ceda49332
*** Element info: {Using=xpath, value=//*[@id='user_full_name']}
	at Testsuite.BaseTests.comparing_screenshots(BaseTests.java:46)
]]></failure>
    <system-out><![CDATA[[TRACE] 2020-11-03 08:49:57.456 [main] Setup - Tracing
[INFO ] 2020-11-03 08:49:57.457 [main] Setup - Chrome Driver Setup
[DEBUG] 2020-11-03 08:49:57.457 [main] Setup - some
[INFO ] 2020-11-03 08:49:58.491 [main] Setup - Test completed
[INFO ] 2020-11-03 08:49:58.491 [main] Setup - Test completed
Most Reliable App & Cross Browser Testing Platform | BrowserStack
]]></system-out>
    <system-err><![CDATA[Starting ChromeDriver 86.0.4240.22 (398b0743353ff36fb1b82468f63a3a93b4e2e89e-refs/branch-heads/4240@{#378}) on port 40226
Only local connections are allowed.
Please see https://chromedriver.chromium.org/security-considerations for suggestions on keeping ChromeDriver safe.
[1604422197.477][WARNING]: FromSockAddr failed on netmask
ChromeDriver was started successfully.
Nov 03, 2020 8:49:58 AM org.openqa.selenium.remote.ProtocolHandshake createSession
INFO: Detected dialect: W3C
]]></system-err>
  </testcase>
  <testcase name="comparing_screenshots" classname="Testsuite.BaseTests" time="10.131">
    <failure message="Unable to locate element: //*[@id=&apos;user_full_name&apos;]&#10;For documentation on this error, please visit: https://www.seleniumhq.org/exceptions/no_such_element.html&#10;Build info: version: &apos;3.141.59&apos;, revision: &apos;e82be7d358&apos;, time: &apos;2018-11-14T08:17:03&apos;&#10;System info: host: &apos;LM-AUN-11022030&apos;, ip: &apos;192.168.0.163&apos;, os.name: &apos;Mac OS X&apos;, os.arch: &apos;x86_64&apos;, os.version: &apos;10.15.4&apos;, java.version: &apos;1.8.0_251&apos;&#10;Driver info: org.openqa.selenium.firefox.FirefoxDriver&#10;Capabilities {acceptInsecureCerts: true, browserName: firefox, browserVersion: 81.0.2, javascriptEnabled: true, moz:accessibilityChecks: false, moz:buildID: 20201012085804, moz:geckodriverVersion: 0.27.0, moz:headless: false, moz:processID: 34188, moz:profile: /var/folders/7d/lvbycdhd0kz..., moz:shutdownTimeout: 60000, moz:useNonSpecCompliantPointerOrigin: false, moz:webdriverClick: true, pageLoadStrategy: normal, platform: MAC, platformName: MAC, platformVersion: 19.4.0, rotatable: false, setWindowRect: true, strictFileInteractability: false, timeouts: {implicit: 0, pageLoad: 300000, script: 30000}, unhandledPromptBehavior: dismiss and notify}&#10;Session ID: 550266cd-e41e-a143-af1f-d9287faca3e0&#10;*** Element info: {Using=xpath, value=//*[@id=&apos;user_full_name&apos;]}" type="org.openqa.selenium.NoSuchElementException"><![CDATA[org.openqa.selenium.NoSuchElementException: 
Unable to locate element: //*[@id='user_full_name']
For documentation on this error, please visit: https://www.seleniumhq.org/exceptions/no_such_element.html
Build info: version: '3.141.59', revision: 'e82be7d358', time: '2018-11-14T08:17:03'
System info: host: 'LM-AUN-11022030', ip: '192.168.0.163', os.name: 'Mac OS X', os.arch: 'x86_64', os.version: '10.15.4', java.version: '1.8.0_251'
Driver info: org.openqa.selenium.firefox.FirefoxDriver
Capabilities {acceptInsecureCerts: true, browserName: firefox, browserVersion: 81.0.2, javascriptEnabled: true, moz:accessibilityChecks: false, moz:buildID: 20201012085804, moz:geckodriverVersion: 0.27.0, moz:headless: false, moz:processID: 34188, moz:profile: /var/folders/7d/lvbycdhd0kz..., moz:shutdownTimeout: 60000, moz:useNonSpecCompliantPointerOrigin: false, moz:webdriverClick: true, pageLoadStrategy: normal, platform: MAC, platformName: MAC, platformVersion: 19.4.0, rotatable: false, setWindowRect: true, strictFileInteractability: false, timeouts: {implicit: 0, pageLoad: 300000, script: 30000}, unhandledPromptBehavior: dismiss and notify}
Session ID: 550266cd-e41e-a143-af1f-d9287faca3e0
*** Element info: {Using=xpath, value=//*[@id='user_full_name']}
	at Testsuite.BaseTests.comparing_screenshots(BaseTests.java:46)
]]></failure>
    <system-out><![CDATA[[TRACE] 2020-11-03 08:50:27.584 [main] Setup - Tracing
[INFO ] 2020-11-03 08:50:27.584 [main] Setup - Chrome Driver Setup
[DEBUG] 2020-11-03 08:50:27.584 [main] Setup - some
[INFO ] 2020-11-03 08:50:29.802 [main] Setup - Test completed
[INFO ] 2020-11-03 08:50:29.802 [main] Setup - Test completed
Most Reliable App & Cross Browser Testing Platform | BrowserStack
]]></system-out>
    <system-err><![CDATA[1604422227598	geckodriver	INFO	Listening on 127.0.0.1:43806
1604422227608	mozrunner::runner	INFO	Running command: "/Applications/Firefox.app/Contents/MacOS/firefox-bin" "--marionette" "-foreground" "-no-remote" "-profile" "/var/folders/7d/lvbycdhd0kzcjgw3h8d621jm39d8_c/T/rust_mozprofileTRhwQE"
console.error: Policies.jsm: 
  Invalid ExtensionSettings
console.error: SearchCache: "_readCacheFile: Error reading cache file:" (new Error("", "(unknown module)"))
1604422229716	Marionette	INFO	Listening on port 52516
1604422229775	Marionette	WARN	TLS certificate errors will be ignored for this session
Nov 03, 2020 8:50:29 AM org.openqa.selenium.remote.ProtocolHandshake createSession
INFO: Detected dialect: W3C
]]></system-err>
  </testcase>
  <testcase name="highlight_Webelements" classname="Testsuite.BaseTests" time="10.034">
    <failure message="no such element: Unable to locate element: {&quot;method&quot;:&quot;xpath&quot;,&quot;selector&quot;:&quot;//*[@id=&apos;user_full_name&apos;]&quot;}&#10;  (Session info: chrome=86.0.4240.111)&#10;For documentation on this error, please visit: https://www.seleniumhq.org/exceptions/no_such_element.html&#10;Build info: version: &apos;3.141.59&apos;, revision: &apos;e82be7d358&apos;, time: &apos;2018-11-14T08:17:03&apos;&#10;System info: host: &apos;LM-AUN-11022030&apos;, ip: &apos;192.168.0.163&apos;, os.name: &apos;Mac OS X&apos;, os.arch: &apos;x86_64&apos;, os.version: &apos;10.15.4&apos;, java.version: &apos;1.8.0_251&apos;&#10;Driver info: org.openqa.selenium.chrome.ChromeDriver&#10;Capabilities {acceptInsecureCerts: false, browserName: chrome, browserVersion: 86.0.4240.111, chrome: {chromedriverVersion: 86.0.4240.22 (398b0743353ff..., userDataDir: /var/folders/7d/lvbycdhd0kz...}, goog:chromeOptions: {debuggerAddress: localhost:52227}, javascriptEnabled: true, networkConnectionEnabled: false, pageLoadStrategy: normal, platform: MAC, platformName: MAC, proxy: Proxy(), setWindowRect: true, strictFileInteractability: false, timeouts: {implicit: 0, pageLoad: 300000, script: 30000}, unhandledPromptBehavior: dismiss and notify, webauthn:virtualAuthenticators: true}&#10;Session ID: fae012fd8ac7d1dab8c1ebfc4efc41d3&#10;*** Element info: {Using=xpath, value=//*[@id=&apos;user_full_name&apos;]}" type="org.openqa.selenium.NoSuchElementException"><![CDATA[org.openqa.selenium.NoSuchElementException: 
no such element: Unable to locate element: {"method":"xpath","selector":"//*[@id='user_full_name']"}
  (Session info: chrome=86.0.4240.111)
For documentation on this error, please visit: https://www.seleniumhq.org/exceptions/no_such_element.html
Build info: version: '3.141.59', revision: 'e82be7d358', time: '2018-11-14T08:17:03'
System info: host: 'LM-AUN-11022030', ip: '192.168.0.163', os.name: 'Mac OS X', os.arch: 'x86_64', os.version: '10.15.4', java.version: '1.8.0_251'
Driver info: org.openqa.selenium.chrome.ChromeDriver
Capabilities {acceptInsecureCerts: false, browserName: chrome, browserVersion: 86.0.4240.111, chrome: {chromedriverVersion: 86.0.4240.22 (398b0743353ff..., userDataDir: /var/folders/7d/lvbycdhd0kz...}, goog:chromeOptions: {debuggerAddress: localhost:52227}, javascriptEnabled: true, networkConnectionEnabled: false, pageLoadStrategy: normal, platform: MAC, platformName: MAC, proxy: Proxy(), setWindowRect: true, strictFileInteractability: false, timeouts: {implicit: 0, pageLoad: 300000, script: 30000}, unhandledPromptBehavior: dismiss and notify, webauthn:virtualAuthenticators: true}
Session ID: fae012fd8ac7d1dab8c1ebfc4efc41d3
*** Element info: {Using=xpath, value=//*[@id='user_full_name']}
	at Testsuite.BaseTests.highlight_Webelements(BaseTests.java:89)
]]></failure>
    <system-out><![CDATA[[INFO ] 2020-11-03 08:50:09.125 [main] Setup - TearDown
[TRACE] 2020-11-03 08:50:09.217 [main] Setup - Tracing
[INFO ] 2020-11-03 08:50:09.217 [main] Setup - Chrome Driver Setup
[DEBUG] 2020-11-03 08:50:09.217 [main] Setup - some
[INFO ] 2020-11-03 08:50:10.208 [main] Setup - Test completed
[INFO ] 2020-11-03 08:50:10.208 [main] Setup - Test completed
Most Reliable App & Cross Browser Testing Platform | BrowserStack
]]></system-out>
    <system-err><![CDATA[Starting ChromeDriver 86.0.4240.22 (398b0743353ff36fb1b82468f63a3a93b4e2e89e-refs/branch-heads/4240@{#378}) on port 7551
Only local connections are allowed.
Please see https://chromedriver.chromium.org/security-considerations for suggestions on keeping ChromeDriver safe.
[1604422209.237][WARNING]: FromSockAddr failed on netmask
ChromeDriver was started successfully.
Nov 03, 2020 8:50:10 AM org.openqa.selenium.remote.ProtocolHandshake createSession
INFO: Detected dialect: W3C
]]></system-err>
  </testcase>
  <testcase name="highlight_Webelements" classname="Testsuite.BaseTests" time="10.017">
    <failure message="Unable to locate element: //*[@id=&apos;user_full_name&apos;]&#10;For documentation on this error, please visit: https://www.seleniumhq.org/exceptions/no_such_element.html&#10;Build info: version: &apos;3.141.59&apos;, revision: &apos;e82be7d358&apos;, time: &apos;2018-11-14T08:17:03&apos;&#10;System info: host: &apos;LM-AUN-11022030&apos;, ip: &apos;192.168.0.163&apos;, os.name: &apos;Mac OS X&apos;, os.arch: &apos;x86_64&apos;, os.version: &apos;10.15.4&apos;, java.version: &apos;1.8.0_251&apos;&#10;Driver info: org.openqa.selenium.firefox.FirefoxDriver&#10;Capabilities {acceptInsecureCerts: true, browserName: firefox, browserVersion: 81.0.2, javascriptEnabled: true, moz:accessibilityChecks: false, moz:buildID: 20201012085804, moz:geckodriverVersion: 0.27.0, moz:headless: false, moz:processID: 34195, moz:profile: /var/folders/7d/lvbycdhd0kz..., moz:shutdownTimeout: 60000, moz:useNonSpecCompliantPointerOrigin: false, moz:webdriverClick: true, pageLoadStrategy: normal, platform: MAC, platformName: MAC, platformVersion: 19.4.0, rotatable: false, setWindowRect: true, strictFileInteractability: false, timeouts: {implicit: 0, pageLoad: 300000, script: 30000}, unhandledPromptBehavior: dismiss and notify}&#10;Session ID: db7d023c-889c-8449-819c-776c2b7b66d6&#10;*** Element info: {Using=xpath, value=//*[@id=&apos;user_full_name&apos;]}" type="org.openqa.selenium.NoSuchElementException"><![CDATA[org.openqa.selenium.NoSuchElementException: 
Unable to locate element: //*[@id='user_full_name']
For documentation on this error, please visit: https://www.seleniumhq.org/exceptions/no_such_element.html
Build info: version: '3.141.59', revision: 'e82be7d358', time: '2018-11-14T08:17:03'
System info: host: 'LM-AUN-11022030', ip: '192.168.0.163', os.name: 'Mac OS X', os.arch: 'x86_64', os.version: '10.15.4', java.version: '1.8.0_251'
Driver info: org.openqa.selenium.firefox.FirefoxDriver
Capabilities {acceptInsecureCerts: true, browserName: firefox, browserVersion: 81.0.2, javascriptEnabled: true, moz:accessibilityChecks: false, moz:buildID: 20201012085804, moz:geckodriverVersion: 0.27.0, moz:headless: false, moz:processID: 34195, moz:profile: /var/folders/7d/lvbycdhd0kz..., moz:shutdownTimeout: 60000, moz:useNonSpecCompliantPointerOrigin: false, moz:webdriverClick: true, pageLoadStrategy: normal, platform: MAC, platformName: MAC, platformVersion: 19.4.0, rotatable: false, setWindowRect: true, strictFileInteractability: false, timeouts: {implicit: 0, pageLoad: 300000, script: 30000}, unhandledPromptBehavior: dismiss and notify}
Session ID: db7d023c-889c-8449-819c-776c2b7b66d6
*** Element info: {Using=xpath, value=//*[@id='user_full_name']}
	at Testsuite.BaseTests.highlight_Webelements(BaseTests.java:89)
]]></failure>
    <system-out><![CDATA[[INFO ] 2020-11-03 08:50:40.523 [main] Setup - TearDown
[TRACE] 2020-11-03 08:50:40.984 [main] Setup - Tracing
[INFO ] 2020-11-03 08:50:40.984 [main] Setup - Chrome Driver Setup
[DEBUG] 2020-11-03 08:50:40.984 [main] Setup - some
[INFO ] 2020-11-03 08:50:43.225 [main] Setup - Test completed
[INFO ] 2020-11-03 08:50:43.225 [main] Setup - Test completed
Most Reliable App & Cross Browser Testing Platform | BrowserStack
]]></system-out>
    <system-err><![CDATA[1604422240526	Marionette	INFO	Stopped listening on port 52516

###!!! [Child][MessageChannel] Error: (msgtype=0x5B000D,name=PHttpChannel::Msg_DeletingChannel) Channel closing: too late to send/recv, messages will be lost

1604422240998	geckodriver	INFO	Listening on 127.0.0.1:36658
1604422241008	mozrunner::runner	INFO	Running command: "/Applications/Firefox.app/Contents/MacOS/firefox-bin" "--marionette" "-foreground" "-no-remote" "-profile" "/var/folders/7d/lvbycdhd0kzcjgw3h8d621jm39d8_c/T/rust_mozprofileH2elgw"
console.error: Policies.jsm: 
  Invalid ExtensionSettings
console.error: SearchCache: "_readCacheFile: Error reading cache file:" (new Error("", "(unknown module)"))
1604422243104	Marionette	INFO	Listening on port 52678
1604422243187	Marionette	WARN	TLS certificate errors will be ignored for this session
Nov 03, 2020 8:50:43 AM org.openqa.selenium.remote.ProtocolHandshake createSession
INFO: Detected dialect: W3C
]]></system-err>
  </testcase>
</testsuite>