<?xml version="1.0" encoding="UTF-8"?>
<testsuite xmlns:xsi="http://www.w3.org/2001/XMLSchema-instance" xsi:noNamespaceSchemaLocation="https://maven.apache.org/surefire/maven-surefire-plugin/xsd/surefire-test-report-3.0.xsd" version="3.0" name="Testsuite.BaseTests" time="15.447" tests="4" errors="0" skipped="3" failures="1">
  <properties>
[...]
</properties>
  <testcase name="setup" classname="Testsuite.BaseTests" time="5.371">
    <failure message="&#10;Parameter &apos;browser&apos; is required by @Configuration on method setup but has not been marked @Optional or defined&#10;" type="org.testng.TestNGException"><![CDATA[org.testng.TestNGException: 

Parameter 'browser' is required by @Configuration on method setup but has not been marked @Optional or defined

]]></failure>
    <system-out><![CDATA[[INFO ] 2020-11-02 21:43:41.920 [main] Setup - Test completed
]]></system-out>
  </testcase>
  <testcase name="navigate_to_home_page" classname="Testsuite.BaseTests" time="0">
    <skipped/>
  </testcase>
  <testcase name="TearDown" classname="Testsuite.BaseTests" time="0">
    <skipped/>
  </testcase>
  <testcase name="DataDrivenTesting" classname="Testsuite.BaseTests" time="0">
    <skipped message="&#10;DataProvider should be static: public java.lang.Object[][] DataProvider.DataProviderForExcel.excelDP() throws java.io.IOException"/>
  </testcase>
</testsuite>