<?xml version="1.0" encoding="UTF-8"?>
<testng-results skipped="0" failed="4" total="8" passed="4">
  <reporter-output>
    <line>
      <![CDATA[This test verifies the current selenium compatibility with TestNG by launching the chrome driver]]>
    </line>
    <line>
      <![CDATA[This test verifies the current selenium compatibility with TestNG by launching the chrome driver]]>
    </line>
  </reporter-output>
  <suite name="BrowserStack test suite" duration-ms="59668" started-at="2020-11-03T16:34:08Z" finished-at="2020-11-03T16:35:08Z">
    <groups>
    </groups>
    <test name="ChromeTest" duration-ms="26258" started-at="2020-11-03T16:34:08Z" finished-at="2020-11-03T16:34:34Z">
      <class name="Testsuite.BaseTests">
        <test-method status="PASS" signature="setup(java.lang.String)[pri:0, instance:Testsuite.BaseTests@15aab8c6]" name="setup" is-config="true" duration-ms="3159" started-at="2020-11-03T08:34:08Z" finished-at="2020-11-03T08:34:11Z">
          <params>
            <param index="0">
              <value>
                <![CDATA[chrome]]>
              </value>
            </param>
          </params>
          <reporter-output>
          </reporter-output>
        </test-method> <!-- setup -->
        <test-method status="PASS" signature="navigate_to_home_page()[pri:0, instance:Testsuite.BaseTests@15aab8c6]" name="navigate_to_home_page" duration-ms="3339" started-at="2020-11-03T08:34:11Z" finished-at="2020-11-03T08:34:14Z">
          <reporter-output>
            <line>
              <![CDATA[This test verifies the current selenium compatibility with TestNG by launching the chrome driver]]>
            </line>
          </reporter-output>
        </test-method> <!-- navigate_to_home_page -->
        <test-method status="PASS" signature="TearDown()[pri:0, instance:Testsuite.BaseTests@15aab8c6]" name="TearDown" is-config="true" duration-ms="105" started-at="2020-11-03T08:34:14Z" finished-at="2020-11-03T08:34:15Z">
          <reporter-output>
          </reporter-output>
        </test-method> <!-- TearDown -->
        <test-method status="FAIL" signature="enter_userDetails(java.lang.String)[pri:0, instance:Testsuite.BaseTests@15aab8c6]" name="enter_userDetails" duration-ms="0" started-at="2020-11-03T08:34:15Z" data-provider="data-provider" finished-at="2020-11-03T08:34:15Z">
          <exception class="org.testng.TestNGException">
            <message>
              <![CDATA[
DataProvider should be static: public java.lang.Object[][] DataProvider.DataProviderMethod.dataProviderMethod()]]>
            </message>
            <full-stacktrace>
              <![CDATA[org.testng.TestNGException: 
DataProvider should be static: public java.lang.Object[][] DataProvider.DataProviderMethod.dataProviderMethod()
	at org.testng.internal.Parameters.findDataProvider(Parameters.java:328)
	at org.testng.internal.Parameters.findDataProvider(Parameters.java:262)
	at org.testng.internal.Parameters.handleParameters(Parameters.java:414)
	at org.testng.internal.Invoker.handleParameters(Invoker.java:1383)
	at org.testng.internal.Invoker.createParameters(Invoker.java:1075)
	at org.testng.internal.Invoker.invokeTestMethods(Invoker.java:1180)
	at org.testng.internal.TestMethodWorker.invokeTestMethods(TestMethodWorker.java:127)
	at org.testng.internal.TestMethodWorker.run(TestMethodWorker.java:111)
	at org.testng.TestRunner.privateRun(TestRunner.java:767)
	at org.testng.TestRunner.run(TestRunner.java:617)
	at org.testng.SuiteRunner.runTest(SuiteRunner.java:334)
	at org.testng.SuiteRunner.runSequentially(SuiteRunner.java:329)
	at org.testng.SuiteRunner.privateRun(SuiteRunner.java:291)
	at org.testng.SuiteRunner.run(SuiteRunner.java:240)
	at org.testng.SuiteRunnerWorker.runSuite(SuiteRunnerWorker.java:52)
	at org.testng.SuiteRunnerWorker.run(SuiteRunnerWorker.java:86)
	at org.testng.TestNG.runSuitesSequentially(TestNG.java:1198)
	at org.testng.TestNG.runSuitesLocally(TestNG.java:1123)
	at org.testng.TestNG.run(TestNG.java:1031)
	at org.apache.maven.surefire.testng.TestNGExecutor.run(TestNGExecutor.java:284)
	at org.apache.maven.surefire.testng.TestNGXmlTestSuite.execute(TestNGXmlTestSuite.java:75)
	at org.apache.maven.surefire.testng.TestNGProvider.invoke(TestNGProvider.java:119)
	at org.apache.maven.surefire.booter.ForkedBooter.runSuitesInProcess(ForkedBooter.java:428)
	at org.apache.maven.surefire.booter.ForkedBooter.execute(ForkedBooter.java:162)
	at org.apache.maven.surefire.booter.ForkedBooter.run(ForkedBooter.java:562)
	at org.apache.maven.surefire.booter.ForkedBooter.main(ForkedBooter.java:548)
]]>
            </full-stacktrace>
          </exception> <!-- org.testng.TestNGException -->
          <reporter-output>
          </reporter-output>
        </test-method> <!-- enter_userDetails -->
        <test-method status="PASS" signature="setup(java.lang.String)[pri:0, instance:Testsuite.BaseTests@15aab8c6]" name="setup" is-config="true" duration-ms="1541" started-at="2020-11-03T08:34:15Z" finished-at="2020-11-03T08:34:16Z">
          <params>
            <param index="0">
              <value>
                <![CDATA[chrome]]>
              </value>
            </param>
          </params>
          <reporter-output>
          </reporter-output>
        </test-method> <!-- setup -->
        <test-method status="PASS" signature="comparing_screenshots()[pri:0, instance:Testsuite.BaseTests@15aab8c6]" name="comparing_screenshots" duration-ms="10419" started-at="2020-11-03T08:34:16Z" finished-at="2020-11-03T08:34:26Z">
          <reporter-output>
          </reporter-output>
        </test-method> <!-- comparing_screenshots -->
        <test-method status="PASS" signature="TearDown()[pri:0, instance:Testsuite.BaseTests@15aab8c6]" name="TearDown" is-config="true" duration-ms="104" started-at="2020-11-03T08:34:26Z" finished-at="2020-11-03T08:34:27Z">
          <reporter-output>
          </reporter-output>
        </test-method> <!-- TearDown -->
        <test-method status="PASS" signature="setup(java.lang.String)[pri:0, instance:Testsuite.BaseTests@15aab8c6]" name="setup" is-config="true" duration-ms="2785" started-at="2020-11-03T08:34:27Z" finished-at="2020-11-03T08:34:29Z">
          <params>
            <param index="0">
              <value>
                <![CDATA[chrome]]>
              </value>
            </param>
          </params>
          <reporter-output>
          </reporter-output>
        </test-method> <!-- setup -->
        <test-method status="PASS" signature="highlight_Webelements()[pri:0, instance:Testsuite.BaseTests@15aab8c6]" name="highlight_Webelements" duration-ms="4703" started-at="2020-11-03T08:34:29Z" finished-at="2020-11-03T08:34:34Z">
          <reporter-output>
          </reporter-output>
        </test-method> <!-- highlight_Webelements -->
        <test-method status="PASS" signature="TearDown()[pri:0, instance:Testsuite.BaseTests@15aab8c6]" name="TearDown" is-config="true" duration-ms="93" started-at="2020-11-03T08:34:34Z" finished-at="2020-11-03T08:34:34Z">
          <reporter-output>
          </reporter-output>
        </test-method> <!-- TearDown -->
      </class> <!-- Testsuite.BaseTests -->
    </test> <!-- ChromeTest -->
    <test name="FirefoxTest" duration-ms="33400" started-at="2020-11-03T16:34:34Z" finished-at="2020-11-03T16:35:08Z">
      <class name="Testsuite.BaseTests">
        <test-method status="PASS" signature="setup(java.lang.String)[pri:0, instance:Testsuite.BaseTests@76c3e77a]" name="setup" is-config="true" duration-ms="3602" started-at="2020-11-03T08:34:34Z" finished-at="2020-11-03T08:34:38Z">
          <params>
            <param index="0">
              <value>
                <![CDATA[firefox]]>
              </value>
            </param>
          </params>
          <reporter-output>
          </reporter-output>
        </test-method> <!-- setup -->
        <test-method status="PASS" signature="navigate_to_home_page()[pri:0, instance:Testsuite.BaseTests@76c3e77a]" name="navigate_to_home_page" duration-ms="2591" started-at="2020-11-03T08:34:38Z" finished-at="2020-11-03T08:34:40Z">
          <reporter-output>
            <line>
              <![CDATA[This test verifies the current selenium compatibility with TestNG by launching the chrome driver]]>
            </line>
          </reporter-output>
        </test-method> <!-- navigate_to_home_page -->
        <test-method status="PASS" signature="TearDown()[pri:0, instance:Testsuite.BaseTests@76c3e77a]" name="TearDown" is-config="true" duration-ms="444" started-at="2020-11-03T08:34:40Z" finished-at="2020-11-03T08:34:41Z">
          <reporter-output>
          </reporter-output>
        </test-method> <!-- TearDown -->
        <test-method status="PASS" signature="setup(java.lang.String)[pri:0, instance:Testsuite.BaseTests@76c3e77a]" name="setup" is-config="true" duration-ms="2859" started-at="2020-11-03T08:34:41Z" finished-at="2020-11-03T08:34:44Z">
          <params>
            <param index="0">
              <value>
                <![CDATA[firefox]]>
              </value>
            </param>
          </params>
          <reporter-output>
          </reporter-output>
        </test-method> <!-- setup -->
        <test-method status="FAIL" signature="enter_userDetails(java.lang.String)[pri:0, instance:Testsuite.BaseTests@76c3e77a]" name="enter_userDetails" duration-ms="0" started-at="2020-11-03T08:34:41Z" data-provider="data-provider" finished-at="2020-11-03T08:34:41Z">
          <exception class="org.testng.TestNGException">
            <message>
              <![CDATA[
DataProvider should be static: public java.lang.Object[][] DataProvider.DataProviderMethod.dataProviderMethod()]]>
            </message>
            <full-stacktrace>
              <![CDATA[org.testng.TestNGException: 
DataProvider should be static: public java.lang.Object[][] DataProvider.DataProviderMethod.dataProviderMethod()
	at org.testng.internal.Parameters.findDataProvider(Parameters.java:328)
	at org.testng.internal.Parameters.findDataProvider(Parameters.java:262)
	at org.testng.internal.Parameters.handleParameters(Parameters.java:414)
	at org.testng.internal.Invoker.handleParameters(Invoker.java:1383)
	at org.testng.internal.Invoker.createParameters(Invoker.java:1075)
	at org.testng.internal.Invoker.invokeTestMethods(Invoker.java:1180)
	at org.testng.internal.TestMethodWorker.invokeTestMethods(TestMethodWorker.java:127)
	at org.testng.internal.TestMethodWorker.run(TestMethodWorker.java:111)
	at org.testng.TestRunner.privateRun(TestRunner.java:767)
	at org.testng.TestRunner.run(TestRunner.java:617)
	at org.testng.SuiteRunner.runTest(SuiteRunner.java:334)
	at org.testng.SuiteRunner.runSequentially(SuiteRunner.java:329)
	at org.testng.SuiteRunner.privateRun(SuiteRunner.java:291)
	at org.testng.SuiteRunner.run(SuiteRunner.java:240)
	at org.testng.SuiteRunnerWorker.runSuite(SuiteRunnerWorker.java:52)
	at org.testng.SuiteRunnerWorker.run(SuiteRunnerWorker.java:86)
	at org.testng.TestNG.runSuitesSequentially(TestNG.java:1198)
	at org.testng.TestNG.runSuitesLocally(TestNG.java:1123)
	at org.testng.TestNG.run(TestNG.java:1031)
	at org.apache.maven.surefire.testng.TestNGExecutor.run(TestNGExecutor.java:284)
	at org.apache.maven.surefire.testng.TestNGXmlTestSuite.execute(TestNGXmlTestSuite.java:75)
	at org.apache.maven.surefire.testng.TestNGProvider.invoke(TestNGProvider.java:119)
	at org.apache.maven.surefire.booter.ForkedBooter.runSuitesInProcess(ForkedBooter.java:428)
	at org.apache.maven.surefire.booter.ForkedBooter.execute(ForkedBooter.java:162)
	at org.apache.maven.surefire.booter.ForkedBooter.run(ForkedBooter.java:562)
	at org.apache.maven.surefire.booter.ForkedBooter.main(ForkedBooter.java:548)
]]>
            </full-stacktrace>
          </exception> <!-- org.testng.TestNGException -->
          <reporter-output>
          </reporter-output>
        </test-method> <!-- enter_userDetails -->
        <test-method status="FAIL" signature="comparing_screenshots()[pri:0, instance:Testsuite.BaseTests@76c3e77a]" name="comparing_screenshots" duration-ms="10124" started-at="2020-11-03T08:34:44Z" finished-at="2020-11-03T08:34:54Z">
          <exception class="org.openqa.selenium.NoSuchElementException">
            <message>
              <![CDATA[Unable to locate element: //*[@id='user_full_name']
For documentation on this error, please visit: https://www.seleniumhq.org/exceptions/no_such_element.html
Build info: version: '3.141.59', revision: 'e82be7d358', time: '2018-11-14T08:17:03'
System info: host: 'LM-AUN-11022030', ip: '192.168.0.163', os.name: 'Mac OS X', os.arch: 'x86_64', os.version: '10.15.4', java.version: '1.8.0_251'
Driver info: org.openqa.selenium.firefox.FirefoxDriver
Capabilities {acceptInsecureCerts: true, browserName: firefox, browserVersion: 81.0.2, javascriptEnabled: true, moz:accessibilityChecks: false, moz:buildID: 20201012085804, moz:geckodriverVersion: 0.27.0, moz:headless: false, moz:processID: 33582, moz:profile: /var/folders/7d/lvbycdhd0kz..., moz:shutdownTimeout: 60000, moz:useNonSpecCompliantPointerOrigin: false, moz:webdriverClick: true, pageLoadStrategy: normal, platform: MAC, platformName: MAC, platformVersion: 19.4.0, rotatable: false, setWindowRect: true, strictFileInteractability: false, timeouts: {implicit: 0, pageLoad: 300000, script: 30000}, unhandledPromptBehavior: dismiss and notify}
Session ID: 73730f34-7500-834b-b4cc-08c4c5d1c010
*** Element info: {Using=xpath, value=//*[@id='user_full_name']}]]>
            </message>
            <full-stacktrace>
              <![CDATA[org.openqa.selenium.NoSuchElementException: Unable to locate element: //*[@id='user_full_name']
For documentation on this error, please visit: https://www.seleniumhq.org/exceptions/no_such_element.html
Build info: version: '3.141.59', revision: 'e82be7d358', time: '2018-11-14T08:17:03'
System info: host: 'LM-AUN-11022030', ip: '192.168.0.163', os.name: 'Mac OS X', os.arch: 'x86_64', os.version: '10.15.4', java.version: '1.8.0_251'
Driver info: org.openqa.selenium.firefox.FirefoxDriver
Capabilities {acceptInsecureCerts: true, browserName: firefox, browserVersion: 81.0.2, javascriptEnabled: true, moz:accessibilityChecks: false, moz:buildID: 20201012085804, moz:geckodriverVersion: 0.27.0, moz:headless: false, moz:processID: 33582, moz:profile: /var/folders/7d/lvbycdhd0kz..., moz:shutdownTimeout: 60000, moz:useNonSpecCompliantPointerOrigin: false, moz:webdriverClick: true, pageLoadStrategy: normal, platform: MAC, platformName: MAC, platformVersion: 19.4.0, rotatable: false, setWindowRect: true, strictFileInteractability: false, timeouts: {implicit: 0, pageLoad: 300000, script: 30000}, unhandledPromptBehavior: dismiss and notify}
Session ID: 73730f34-7500-834b-b4cc-08c4c5d1c010
*** Element info: {Using=xpath, value=//*[@id='user_full_name']}
	at sun.reflect.NativeConstructorAccessorImpl.newInstance0(Native Method)
	at sun.reflect.NativeConstructorAccessorImpl.newInstance(NativeConstructorAccessorImpl.java:62)
	at sun.reflect.DelegatingConstructorAccessorImpl.newInstance(DelegatingConstructorAccessorImpl.java:45)
	at java.lang.reflect.Constructor.newInstance(Constructor.java:423)
	at org.openqa.selenium.remote.http.W3CHttpResponseCodec.createException(W3CHttpResponseCodec.java:187)
	at org.openqa.selenium.remote.http.W3CHttpResponseCodec.decode(W3CHttpResponseCodec.java:122)
	at org.openqa.selenium.remote.http.W3CHttpResponseCodec.decode(W3CHttpResponseCodec.java:49)
	at org.openqa.selenium.remote.HttpCommandExecutor.execute(HttpCommandExecutor.java:158)
	at org.openqa.selenium.remote.service.DriverCommandExecutor.execute(DriverCommandExecutor.java:83)
	at org.openqa.selenium.remote.RemoteWebDriver.execute(RemoteWebDriver.java:552)
	at org.openqa.selenium.remote.RemoteWebDriver.findElement(RemoteWebDriver.java:323)
	at org.openqa.selenium.remote.RemoteWebDriver.findElementByXPath(RemoteWebDriver.java:428)
	at org.openqa.selenium.By$ByXPath.findElement(By.java:353)
	at org.openqa.selenium.remote.RemoteWebDriver.findElement(RemoteWebDriver.java:315)
	at Testsuite.BaseTests.comparing_screenshots(BaseTests.java:46)
	at sun.reflect.NativeMethodAccessorImpl.invoke0(Native Method)
	at sun.reflect.NativeMethodAccessorImpl.invoke(NativeMethodAccessorImpl.java:62)
	at sun.reflect.DelegatingMethodAccessorImpl.invoke(DelegatingMethodAccessorImpl.java:43)
	at java.lang.reflect.Method.invoke(Method.java:498)
	at org.testng.internal.MethodInvocationHelper.invokeMethod(MethodInvocationHelper.java:80)
	at org.testng.internal.Invoker.invokeMethod(Invoker.java:714)
	at org.testng.internal.Invoker.invokeTestMethod(Invoker.java:901)
	at org.testng.internal.Invoker.invokeTestMethods(Invoker.java:1231)
	at org.testng.internal.TestMethodWorker.invokeTestMethods(TestMethodWorker.java:127)
	at org.testng.internal.TestMethodWorker.run(TestMethodWorker.java:111)
	at org.testng.TestRunner.privateRun(TestRunner.java:767)
	at org.testng.TestRunner.run(TestRunner.java:617)
	at org.testng.SuiteRunner.runTest(SuiteRunner.java:334)
	at org.testng.SuiteRunner.runSequentially(SuiteRunner.java:329)
	at org.testng.SuiteRunner.privateRun(SuiteRunner.java:291)
	at org.testng.SuiteRunner.run(SuiteRunner.java:240)
	at org.testng.SuiteRunnerWorker.runSuite(SuiteRunnerWorker.java:52)
	at org.testng.SuiteRunnerWorker.run(SuiteRunnerWorker.java:86)
	at org.testng.TestNG.runSuitesSequentially(TestNG.java:1198)
	at org.testng.TestNG.runSuitesLocally(TestNG.java:1123)
	at org.testng.TestNG.run(TestNG.java:1031)
	at org.apache.maven.surefire.testng.TestNGExecutor.run(TestNGExecutor.java:284)
	at org.apache.maven.surefire.testng.TestNGXmlTestSuite.execute(TestNGXmlTestSuite.java:75)
	at org.apache.maven.surefire.testng.TestNGProvider.invoke(TestNGProvider.java:119)
	at org.apache.maven.surefire.booter.ForkedBooter.runSuitesInProcess(ForkedBooter.java:428)
	at org.apache.maven.surefire.booter.ForkedBooter.execute(ForkedBooter.java:162)
	at org.apache.maven.surefire.booter.ForkedBooter.run(ForkedBooter.java:562)
	at org.apache.maven.surefire.booter.ForkedBooter.main(ForkedBooter.java:548)
]]>
            </full-stacktrace>
          </exception> <!-- org.openqa.selenium.NoSuchElementException -->
          <reporter-output>
          </reporter-output>
        </test-method> <!-- comparing_screenshots -->
        <test-method status="PASS" signature="TearDown()[pri:0, instance:Testsuite.BaseTests@76c3e77a]" name="TearDown" is-config="true" duration-ms="443" started-at="2020-11-03T08:34:54Z" finished-at="2020-11-03T08:34:54Z">
          <reporter-output>
          </reporter-output>
        </test-method> <!-- TearDown -->
        <test-method status="PASS" signature="setup(java.lang.String)[pri:0, instance:Testsuite.BaseTests@76c3e77a]" name="setup" is-config="true" duration-ms="2857" started-at="2020-11-03T08:34:54Z" finished-at="2020-11-03T08:34:57Z">
          <params>
            <param index="0">
              <value>
                <![CDATA[firefox]]>
              </value>
            </param>
          </params>
          <reporter-output>
          </reporter-output>
        </test-method> <!-- setup -->
        <test-method status="FAIL" signature="highlight_Webelements()[pri:0, instance:Testsuite.BaseTests@76c3e77a]" name="highlight_Webelements" duration-ms="10025" started-at="2020-11-03T08:34:57Z" finished-at="2020-11-03T08:35:07Z">
          <exception class="org.openqa.selenium.NoSuchElementException">
            <message>
              <![CDATA[Unable to locate element: //*[@id='user_full_name']
For documentation on this error, please visit: https://www.seleniumhq.org/exceptions/no_such_element.html
Build info: version: '3.141.59', revision: 'e82be7d358', time: '2018-11-14T08:17:03'
System info: host: 'LM-AUN-11022030', ip: '192.168.0.163', os.name: 'Mac OS X', os.arch: 'x86_64', os.version: '10.15.4', java.version: '1.8.0_251'
Driver info: org.openqa.selenium.firefox.FirefoxDriver
Capabilities {acceptInsecureCerts: true, browserName: firefox, browserVersion: 81.0.2, javascriptEnabled: true, moz:accessibilityChecks: false, moz:buildID: 20201012085804, moz:geckodriverVersion: 0.27.0, moz:headless: false, moz:processID: 33596, moz:profile: /var/folders/7d/lvbycdhd0kz..., moz:shutdownTimeout: 60000, moz:useNonSpecCompliantPointerOrigin: false, moz:webdriverClick: true, pageLoadStrategy: normal, platform: MAC, platformName: MAC, platformVersion: 19.4.0, rotatable: false, setWindowRect: true, strictFileInteractability: false, timeouts: {implicit: 0, pageLoad: 300000, script: 30000}, unhandledPromptBehavior: dismiss and notify}
Session ID: d2a535c0-3efd-e247-b913-e837816893e4
*** Element info: {Using=xpath, value=//*[@id='user_full_name']}]]>
            </message>
            <full-stacktrace>
              <![CDATA[org.openqa.selenium.NoSuchElementException: Unable to locate element: //*[@id='user_full_name']
For documentation on this error, please visit: https://www.seleniumhq.org/exceptions/no_such_element.html
Build info: version: '3.141.59', revision: 'e82be7d358', time: '2018-11-14T08:17:03'
System info: host: 'LM-AUN-11022030', ip: '192.168.0.163', os.name: 'Mac OS X', os.arch: 'x86_64', os.version: '10.15.4', java.version: '1.8.0_251'
Driver info: org.openqa.selenium.firefox.FirefoxDriver
Capabilities {acceptInsecureCerts: true, browserName: firefox, browserVersion: 81.0.2, javascriptEnabled: true, moz:accessibilityChecks: false, moz:buildID: 20201012085804, moz:geckodriverVersion: 0.27.0, moz:headless: false, moz:processID: 33596, moz:profile: /var/folders/7d/lvbycdhd0kz..., moz:shutdownTimeout: 60000, moz:useNonSpecCompliantPointerOrigin: false, moz:webdriverClick: true, pageLoadStrategy: normal, platform: MAC, platformName: MAC, platformVersion: 19.4.0, rotatable: false, setWindowRect: true, strictFileInteractability: false, timeouts: {implicit: 0, pageLoad: 300000, script: 30000}, unhandledPromptBehavior: dismiss and notify}
Session ID: d2a535c0-3efd-e247-b913-e837816893e4
*** Element info: {Using=xpath, value=//*[@id='user_full_name']}
	at sun.reflect.NativeConstructorAccessorImpl.newInstance0(Native Method)
	at sun.reflect.NativeConstructorAccessorImpl.newInstance(NativeConstructorAccessorImpl.java:62)
	at sun.reflect.DelegatingConstructorAccessorImpl.newInstance(DelegatingConstructorAccessorImpl.java:45)
	at java.lang.reflect.Constructor.newInstance(Constructor.java:423)
	at org.openqa.selenium.remote.http.W3CHttpResponseCodec.createException(W3CHttpResponseCodec.java:187)
	at org.openqa.selenium.remote.http.W3CHttpResponseCodec.decode(W3CHttpResponseCodec.java:122)
	at org.openqa.selenium.remote.http.W3CHttpResponseCodec.decode(W3CHttpResponseCodec.java:49)
	at org.openqa.selenium.remote.HttpCommandExecutor.execute(HttpCommandExecutor.java:158)
	at org.openqa.selenium.remote.service.DriverCommandExecutor.execute(DriverCommandExecutor.java:83)
	at org.openqa.selenium.remote.RemoteWebDriver.execute(RemoteWebDriver.java:552)
	at org.openqa.selenium.remote.RemoteWebDriver.findElement(RemoteWebDriver.java:323)
	at org.openqa.selenium.remote.RemoteWebDriver.findElementByXPath(RemoteWebDriver.java:428)
	at org.openqa.selenium.By$ByXPath.findElement(By.java:353)
	at org.openqa.selenium.remote.RemoteWebDriver.findElement(RemoteWebDriver.java:315)
	at Testsuite.BaseTests.highlight_Webelements(BaseTests.java:89)
	at sun.reflect.NativeMethodAccessorImpl.invoke0(Native Method)
	at sun.reflect.NativeMethodAccessorImpl.invoke(NativeMethodAccessorImpl.java:62)
	at sun.reflect.DelegatingMethodAccessorImpl.invoke(DelegatingMethodAccessorImpl.java:43)
	at java.lang.reflect.Method.invoke(Method.java:498)
	at org.testng.internal.MethodInvocationHelper.invokeMethod(MethodInvocationHelper.java:80)
	at org.testng.internal.Invoker.invokeMethod(Invoker.java:714)
	at org.testng.internal.Invoker.invokeTestMethod(Invoker.java:901)
	at org.testng.internal.Invoker.invokeTestMethods(Invoker.java:1231)
	at org.testng.internal.TestMethodWorker.invokeTestMethods(TestMethodWorker.java:127)
	at org.testng.internal.TestMethodWorker.run(TestMethodWorker.java:111)
	at org.testng.TestRunner.privateRun(TestRunner.java:767)
	at org.testng.TestRunner.run(TestRunner.java:617)
	at org.testng.SuiteRunner.runTest(SuiteRunner.java:334)
	at org.testng.SuiteRunner.runSequentially(SuiteRunner.java:329)
	at org.testng.SuiteRunner.privateRun(SuiteRunner.java:291)
	at org.testng.SuiteRunner.run(SuiteRunner.java:240)
	at org.testng.SuiteRunnerWorker.runSuite(SuiteRunnerWorker.java:52)
	at org.testng.SuiteRunnerWorker.run(SuiteRunnerWorker.java:86)
	at org.testng.TestNG.runSuitesSequentially(TestNG.java:1198)
	at org.testng.TestNG.runSuitesLocally(TestNG.java:1123)
	at org.testng.TestNG.run(TestNG.java:1031)
	at org.apache.maven.surefire.testng.TestNGExecutor.run(TestNGExecutor.java:284)
	at org.apache.maven.surefire.testng.TestNGXmlTestSuite.execute(TestNGXmlTestSuite.java:75)
	at org.apache.maven.surefire.testng.TestNGProvider.invoke(TestNGProvider.java:119)
	at org.apache.maven.surefire.booter.ForkedBooter.runSuitesInProcess(ForkedBooter.java:428)
	at org.apache.maven.surefire.booter.ForkedBooter.execute(ForkedBooter.java:162)
	at org.apache.maven.surefire.booter.ForkedBooter.run(ForkedBooter.java:562)
	at org.apache.maven.surefire.booter.ForkedBooter.main(ForkedBooter.java:548)
]]>
            </full-stacktrace>
          </exception> <!-- org.openqa.selenium.NoSuchElementException -->
          <reporter-output>
          </reporter-output>
        </test-method> <!-- highlight_Webelements -->
        <test-method status="PASS" signature="TearDown()[pri:0, instance:Testsuite.BaseTests@76c3e77a]" name="TearDown" is-config="true" duration-ms="448" started-at="2020-11-03T08:35:07Z" finished-at="2020-11-03T08:35:08Z">
          <reporter-output>
          </reporter-output>
        </test-method> <!-- TearDown -->
      </class> <!-- Testsuite.BaseTests -->
    </test> <!-- FirefoxTest -->
  </suite> <!-- BrowserStack test suite -->
</testng-results>
