-------------------------------------------------------------------------------
Test set: Testsuite.BaseTests
-------------------------------------------------------------------------------
Tests run: 4, Failures: 1, Errors: 0, Skipped: 3, Time elapsed: 15.447 s <<< FAILURE! - in Testsuite.BaseTests
Testsuite.BaseTests.setup  Time elapsed: 5.371 s  <<< FAILURE!
org.testng.TestNGException: 

Parameter 'browser' is required by @Configuration on method setup but has not been marked @Optional or defined


