<?xml version="1.0" encoding="UTF-8"?>
<!-- Generated by org.testng.reporters.JUnitXMLReporter -->
<testsuite hostname="LM-AUN-11022030" name="ChromeTest" tests="4" failures="0" timestamp="3 Nov 2020 16:34:34 GMT" time="26.258" errors="0">
  <testcase name="navigate_to_home_page" time="3.339" classname="Testsuite.BaseTests"/>
  <testcase name="enter_userDetails" time="0.001" classname="Testsuite.BaseTests">
    <skipped/>
  </testcase> <!-- enter_userDetails -->
  <testcase name="comparing_screenshots" time="10.419" classname="Testsuite.BaseTests"/>
  <testcase name="highlight_Webelements" time="4.703" classname="Testsuite.BaseTests"/>
</testsuite> <!-- ChromeTest -->
